# JRE version: Java(TM) SE Runtime Environment (8.0_60-b27) (build 1.8.0_60-b27)
# Java VM: Java HotSpot(TM) 64-Bit Server VM (25.60-b23 mixed mode windows-amd64 compressed oops)
Heap:
 PSYoungGen      total 81920K, used 9803K [0x00000000ebd80000, 0x00000000f2800000, 0x0000000100000000)
  eden space 74240K, 13% used [0x00000000ebd80000,0x00000000ec712c98,0x00000000f0600000)
  from space 7680K, 0% used [0x00000000f1480000,0x00000000f1480000,0x00000000f1c00000)
  to   space 14848K, 0% used [0x00000000f0600000,0x00000000f0600000,0x00000000f1480000)
 ParOldGen       total 36352K, used 36237K [0x00000000c3800000, 0x00000000c5b80000, 0x00000000ebd80000)
  object space 36352K, 99% used [0x00000000c3800000,0x00000000c5b63748,0x00000000c5b80000)
 Metaspace       used 30411K, capacity 30898K, committed 31360K, reserved 1077248K
  class space    used 3995K, capacity 4129K, committed 4224K, reserved 1048576K
GC Heap History (10 events):
Event: 16.048 GC heap before
{Heap before GC invocations=13 (full 1):
 PSYoungGen      total 64512K, used 57785K [0x00000000ebd80000, 0x00000000f0480000, 0x0000000100000000)
  eden space 56320K, 100% used [0x00000000ebd80000,0x00000000ef480000,0x00000000ef480000)
  from space 8192K, 17% used [0x00000000ef480000,0x00000000ef5ee408,0x00000000efc80000)
  to   space 8192K, 0% used [0x00000000efc80000,0x00000000efc80000,0x00000000f0480000)
 ParOldGen       total 36352K, used 16481K [0x00000000c3800000, 0x00000000c5b80000, 0x00000000ebd80000)
  object space 36352K, 45% used [0x00000000c3800000,0x00000000c48186a0,0x00000000c5b80000)
 Metaspace       used 28970K, capacity 29500K, committed 29696K, reserved 1075200K
  class space    used 3913K, capacity 4029K, committed 4096K, reserved 1048576K
Event: 16.055 GC heap after
Heap after GC invocations=13 (full 1):
 PSYoungGen      total 64512K, used 2335K [0x00000000ebd80000, 0x00000000f0480000, 0x0000000100000000)
  eden space 56320K, 0% used [0x00000000ebd80000,0x00000000ebd80000,0x00000000ef480000)
  from space 8192K, 28% used [0x00000000efc80000,0x00000000efec7e58,0x00000000f0480000)
  to   space 8192K, 0% used [0x00000000ef480000,0x00000000ef480000,0x00000000efc80000)
 ParOldGen       total 36352K, used 16545K [0x00000000c3800000, 0x00000000c5b80000, 0x00000000ebd80000)
  object space 36352K, 45% used [0x00000000c3800000,0x00000000c48286a0,0x00000000c5b80000)
 Metaspace       used 28970K, capacity 29500K, committed 29696K, reserved 1075200K
  class space    used 3913K, capacity 4029K, committed 4096K, reserved 1048576K
}
Event: 16.414 GC heap before
{Heap before GC invocations=14 (full 1):
 PSYoungGen      total 64512K, used 58655K [0x00000000ebd80000, 0x00000000f0480000, 0x0000000100000000)
  eden space 56320K, 100% used [0x00000000ebd80000,0x00000000ef480000,0x00000000ef480000)
  from space 8192K, 28% used [0x00000000efc80000,0x00000000efec7e58,0x00000000f0480000)
  to   space 8192K, 0% used [0x00000000ef480000,0x00000000ef480000,0x00000000efc80000)
 ParOldGen       total 36352K, used 16545K [0x00000000c3800000, 0x00000000c5b80000, 0x00000000ebd80000)
  object space 36352K, 45% used [0x00000000c3800000,0x00000000c48286a0,0x00000000c5b80000)
 Metaspace       used 28976K, capacity 29500K, committed 29696K, reserved 1075200K
  class space    used 3913K, capacity 4029K, committed 4096K, reserved 1048576K
Event: 16.420 GC heap after
Heap after GC invocations=14 (full 1):
 PSYoungGen      total 64512K, used 2164K [0x00000000ebd80000, 0x00000000f1c00000, 0x0000000100000000)
  eden space 56320K, 0% used [0x00000000ebd80000,0x00000000ebd80000,0x00000000ef480000)
  from space 8192K, 26% used [0x00000000ef480000,0x00000000ef69d310,0x00000000efc80000)
  to   space 7680K, 0% used [0x00000000f1480000,0x00000000f1480000,0x00000000f1c00000)
 ParOldGen       total 36352K, used 16609K [0x00000000c3800000, 0x00000000c5b80000, 0x00000000ebd80000)
  object space 36352K, 45% used [0x00000000c3800000,0x00000000c48386a0,0x00000000c5b80000)
 Metaspace       used 28976K, capacity 29500K, committed 29696K, reserved 1075200K
  class space    used 3913K, capacity 4029K, committed 4096K, reserved 1048576K
}
Event: 40.580 GC heap before
{Heap before GC invocations=15 (full 1):
 PSYoungGen      total 64512K, used 58484K [0x00000000ebd80000, 0x00000000f1c00000, 0x0000000100000000)
  eden space 56320K, 100% used [0x00000000ebd80000,0x00000000ef480000,0x00000000ef480000)
  from space 8192K, 26% used [0x00000000ef480000,0x00000000ef69d310,0x00000000efc80000)
  to   space 7680K, 0% used [0x00000000f1480000,0x00000000f1480000,0x00000000f1c00000)
 ParOldGen       total 36352K, used 16609K [0x00000000c3800000, 0x00000000c5b80000, 0x00000000ebd80000)
  object space 36352K, 45% used [0x00000000c3800000,0x00000000c48386a0,0x00000000c5b80000)
 Metaspace       used 29340K, capacity 29804K, committed 29952K, reserved 1075200K
  class space    used 3921K, capacity 4064K, committed 4096K, reserved 1048576K
Event: 40.606 GC heap after
Heap after GC invocations=15 (full 1):
 PSYoungGen      total 81920K, used 7674K [0x00000000ebd80000, 0x00000000f2800000, 0x0000000100000000)
  eden space 74240K, 0% used [0x00000000ebd80000,0x00000000ebd80000,0x00000000f0600000)
  from space 7680K, 99% used [0x00000000f1480000,0x00000000f1bfeaf8,0x00000000f1c00000)
  to   space 14848K, 0% used [0x00000000f0600000,0x00000000f0600000,0x00000000f1480000)
 ParOldGen       total 36352K, used 32989K [0x00000000c3800000, 0x00000000c5b80000, 0x00000000ebd80000)
  object space 36352K, 90% used [0x00000000c3800000,0x00000000c5837698,0x00000000c5b80000)
 Metaspace       used 29340K, capacity 29804K, committed 29952K, reserved 1075200K
  class space    used 3921K, capacity 4064K, committed 4096K, reserved 1048576K
}
Event: 40.606 GC heap before
{Heap before GC invocations=16 (full 2):
 PSYoungGen      total 81920K, used 7674K [0x00000000ebd80000, 0x00000000f2800000, 0x0000000100000000)
  eden space 74240K, 0% used [0x00000000ebd80000,0x00000000ebd80000,0x00000000f0600000)
  from space 7680K, 99% used [0x00000000f1480000,0x00000000f1bfeaf8,0x00000000f1c00000)
  to   space 14848K, 0% used [0x00000000f0600000,0x00000000f0600000,0x00000000f1480000)
 ParOldGen       total 36352K, used 32989K [0x00000000c3800000, 0x00000000c5b80000, 0x00000000ebd80000)
  object space 36352K, 90% used [0x00000000c3800000,0x00000000c5837698,0x00000000c5b80000)
 Metaspace       used 29340K, capacity 29804K, committed 29952K, reserved 1075200K
  class space    used 3921K, capacity 4064K, committed 4096K, reserved 1048576K
Event: 40.870 GC heap after
Heap after GC invocations=16 (full 2):
 PSYoungGen      total 81920K, used 0K [0x00000000ebd80000, 0x00000000f2800000, 0x0000000100000000)
  eden space 74240K, 0% used [0x00000000ebd80000,0x00000000ebd80000,0x00000000f0600000)
  from space 7680K, 0% used [0x00000000f1480000,0x00000000f1480000,0x00000000f1c00000)
  to   space 14848K, 0% used [0x00000000f0600000,0x00000000f0600000,0x00000000f1480000)
 ParOldGen       total 36352K, used 31995K [0x00000000c3800000, 0x00000000c5b80000, 0x00000000ebd80000)
  object space 36352K, 88% used [0x00000000c3800000,0x00000000c573ee08,0x00000000c5b80000)
 Metaspace       used 29340K, capacity 29804K, committed 29952K, reserved 1075200K
  class space    used 3921K, capacity 4064K, committed 4096K, reserved 1048576K
}
Event: 105.735 GC heap before
{Heap before GC invocations=17 (full 3):
 PSYoungGen      total 81920K, used 74240K [0x00000000ebd80000, 0x00000000f2800000, 0x0000000100000000)
  eden space 74240K, 100% used [0x00000000ebd80000,0x00000000f0600000,0x00000000f0600000)
  from space 7680K, 0% used [0x00000000f1480000,0x00000000f1480000,0x00000000f1c00000)
  to   space 14848K, 0% used [0x00000000f0600000,0x00000000f0600000,0x00000000f1480000)
 ParOldGen       total 36352K, used 31995K [0x00000000c3800000, 0x00000000c5b80000, 0x00000000ebd80000)
  object space 36352K, 88% used [0x00000000c3800000,0x00000000c573ee08,0x00000000c5b80000)
 Metaspace       used 30394K, capacity 30834K, committed 31104K, reserved 1077248K
  class space    used 3995K, capacity 4129K, committed 4224K, reserved 1048576K
Event: 106.234 GC heap after
Heap after GC invocations=17 (full 3):
 PSYoungGen      total 81920K, used 6727K [0x00000000ebd80000, 0x00000000f2800000, 0x0000000100000000)
  eden space 74240K, 9% used [0x00000000ebd80000,0x00000000ec411ce0,0x00000000f0600000)
  from space 7680K, 0% used [0x00000000f1480000,0x00000000f1480000,0x00000000f1c00000)
  to   space 14848K, 0% used [0x00000000f0600000,0x00000000f0600000,0x00000000f1480000)
 ParOldGen       total 36352K, used 36237K [0x00000000c3800000, 0x00000000c5b80000, 0x00000000ebd80000)
  object space 36352K, 99% used [0x00000000c3800000,0x00000000c5b63748,0x00000000c5b80000)
 Metaspace       used 30394K, capacity 30834K, committed 31104K, reserved 1077248K
  class space    used 3995K, capacity 4129K, committed 4224K, reserved 1048576K
}

